<?xml version="1.0" encoding="utf-8"?><testsuites name="pytest tests"><testsuite name="pytest" errors="0" failures="0" skipped="0" tests="226" time="10.297" timestamp="2026-09-22T09:35:32.837003+08:00" hostname="LAPTOP-MAOMAO233"><testcase classname="tests.test_sentence_coverage" name="test_disposal_destination_verbs[\u4e22\u8fdb]" time="0.036" /><testcase classname="tests.test_sentence_coverage" name="test_disposal_destination_verbs[\u4e22\u5165]" time="0.004" /><testcase classname="tests.test_sentence_coverage" name="test_disposal_destination_verbs[\u4e22\u5230]" time="0.004" /><testcase classname="tests.test_sentence_coverage" name="test_disposal_destination_verbs[\u6254\u8fdb]" time="0.004" /><testcase classname="tests.test_sentence_coverage" name="test_disposal_destination_verbs[\u6254\u5165]" time="0.004" /><testcase classname="tests.test_sentence_coverage" name="test_disposal_destination_verbs[\u6254\u5230]" time="0.004" /><testcase classname="tests.test_sentence_coverage" name="test_disposal_destination_verbs[\u653e\u8fdb]" time="0.004" /><testcase classname="tests.test_sentence_coverage" name="test_disposal_destination_verbs[\u653e\u5165]" time="0.004" /><testcase classname="tests.test_sentence_coverage" name="test_disposal_destination_verbs[\u653e\u5230]" time="0.004" /><testcase classname="tests.test_sentence_coverage" name="test_disposal_destination_verbs[\u6295\u5165]" time="0.004" /><testcase classname="tests.test_sentence_coverage" name="test_disposal_destination_verbs[\u6295\u8fdb]" time="0.004" /><testcase classname="tests.test_sentence_coverage" name="test_disposal_destination_verbs[\u6295\u5230]" time="0.004" /><testcase classname="tests.test_sentence_coverage" name="test_disposal_destination_verbs[\u6295\u653e\u5230]" time="0.005" /><testcase classname="tests.test_sentence_coverage" name="test_disposal_destination_verbs[\u6295\u653e\u81f3]" time="0.004" /><testcase classname="tests.test_sentence_coverage" name="test_modal_and_bare_disposal_predicate[\u5e94\u8be5]" time="0.002" /><testcase classname="tests.test_sentence_coverage" name="test_modal_and_bare_disposal_predicate[\u5e94\u5f53]" time="0.002" /><testcase classname="tests.test_sentence_coverage" name="test_modal_and_bare_disposal_predicate[\u9700\u8981]" time="0.002" /><testcase classname="tests.test_sentence_coverage" name="test_modal_and_bare_disposal_predicate[\u9700]" time="0.002" /><testcase classname="tests.test_sentence_coverage" name="test_modal_and_bare_disposal_predicate[\u5fc5\u987b]" time="0.002" /><testcase classname="tests.test_sentence_coverage" name="test_modal_and_bare_disposal_predicate[\u8981]" time="0.002" /><testcase classname="tests.test_sentence_coverage" name="test_modal_and_bare_disposal_predicate[\u52a1\u5fc5]" time="0.002" /><testcase classname="tests.test_sentence_coverage" name="test_modal_and_bare_disposal_predicate[\u5efa\u8bae]" time="0.002" /><testcase classname="tests.test_sentence_coverage" name="test_modal_and_bare_disposal_predicate[\u53ef\u4ee5]" time="0.002" /><testcase classname="tests.test_sentence_coverage" name="test_modal_and_bare_disposal_predicate[\u8bf7]" time="0.002" /><testcase classname="tests.test_sentence_coverage" name="test_modal_and_bare_disposal_predicate[]" time="0.002" /><testcase classname="tests.test_sentence_coverage" name="test_directives_and_implicit_subject[\u8bf7\u628a\u9999\u8549\u76ae\u4e22\u8fdb\u5783\u573e\u6876\u91cc\u3002]" time="0.002" /><testcase classname="tests.test_sentence_coverage" name="test_directives_and_implicit_subject[\u8bf7\u5c06\u9999\u8549\u76ae\u4e22\u8fdb\u5783\u573e\u6876\u91cc\u3002]" time="0.002" /><testcase classname="tests.test_sentence_coverage" name="test_directives_and_implicit_subject[\u9999\u8549\u76ae\u7684\u6295\u653e\u8981\u6c42\u662f\u4e22\u8fdb\u5783\u573e\u6876\u91cc\u3002]" time="0.002" /><testcase classname="tests.test_sentence_coverage" name="test_directives_and_implicit_subject[\u9999\u8549\u76ae\u7684\u6295\u653e\u65b9\u5f0f\u4e3a\u4e22\u8fdb\u5783\u573e\u6876\u91cc\u3002]" time="0.002" /><testcase classname="tests.test_sentence_coverage" name="test_directives_and_implicit_subject[\u9999\u8549\u76ae\u7684\u5904\u7406\u65b9\u5f0f\uff1a\u4e22\u8fdb\u5783\u573e\u6876\u91cc\u3002]" time="0.002" /><testcase classname="tests.test_sentence_coverage" name="test_directives_and_implicit_subject[\u9999\u8549\u76ae\u6295\u653e\u65f6\u5e94\u8be5\u4e22\u8fdb\u5783\u573e\u6876\u91cc\u3002]" time="0.002" /><testcase classname="tests.test_sentence_coverage" name="test_directives_and_implicit_subject[\u9999\u8549\u76ae\u5c5e\u4e8e\u6e7f\u5783\u573e,\u5e94\u8be5\u4e22\u8fdb\u5783\u573e\u6876\u91cc]" time="0.002" /><testcase classname="tests.test_sentence_coverage" name="test_directives_and_implicit_subject[\u9999\u8549\u76ae\u5c5e\u4e8e\u6e7f\u5783\u573e\uff0c\u5b83\u5e94\u8be5\u4e22\u8fdb\u5783\u573e\u6876\u91cc\u3002]" time="0.002" /><testcase classname="tests.test_sentence_coverage" name="test_directives_and_implicit_subject[\u9999\u8549\u76ae\u5c5e\u4e8e\u6e7f\u5783\u573e\u3002\u5b83\u5e94\u8be5\u4e22\u8fdb\u5783\u573e\u6876\u91cc\u3002]" time="0.002" /><testcase classname="tests.test_sentence_coverage" name="test_handling_action_families[\u6ca5\u5e72\u6c34\u5206]" time="0.002" /><testcase classname="tests.test_sentence_coverage" name="test_handling_action_families[\u6ee4\u5e72\u6c34\u5206]" time="0.002" /><testcase classname="tests.test_sentence_coverage" name="test_handling_action_families[\u5012\u7a7a\u6b8b\u7559\u7269]" time="0.002" /><testcase classname="tests.test_sentence_coverage" name="test_handling_action_families[\u6e05\u7a7a\u5185\u5bb9\u7269]" time="0.002" /><testcase classname="tests.test_sentence_coverage" name="test_handling_action_families[\u6e05\u6d17\u5e72\u51c0]" time="0.002" /><testcase classname="tests.test_sentence_coverage" name="test_handling_action_families[\u6d17\u51c0\u540e\u667e\u5e72]" time="0.002" /><testcase classname="tests.test_sentence_coverage" name="test_handling_action_families[\u51b2\u6d17\u5e72\u51c0]" time="0.002" /><testcase classname="tests.test_sentence_coverage" name="test_handling_action_families[\u64e6\u5e72\u6c34\u5206]" time="0.002" /><testcase classname="tests.test_sentence_coverage" name="test_handling_action_families[\u53bb\u9664\u5305\u88c5]" time="0.002" /><testcase classname="tests.test_sentence_coverage" name="test_handling_action_families[\u53bb\u6389\u5305\u88c5]" time="0.002" /><testcase classname="tests.test_sentence_coverage" name="test_handling_action_families[\u62c6\u5f00\u5305\u88c5]" time="0.002" /><testcase classname="tests.test_sentence_coverage" name="test_handling_action_families[\u5206\u79bb\u5305\u88c5]" time="0.002" /><testcase classname="tests.test_sentence_coverage" name="test_handling_action_families[\u88c5\u888b\u6295\u653e]" time="0.002" /><testcase classname="tests.test_sentence_coverage" name="test_handling_action_families[\u7834\u888b\u6295\u653e]" time="0.003" /><testcase classname="tests.test_sentence_coverage" name="test_handling_action_families[\u5bc6\u5c01\u5305\u88c5]" time="0.002" /><testcase classname="tests.test_sentence_coverage" name="test_handling_action_families[\u624e\u7d27\u888b\u53e3]" time="0.002" /><testcase classname="tests.test_sentence_coverage" name="test_handling_action_families[\u538b\u6241\u6295\u653e]" time="0.002" /><testcase classname="tests.test_sentence_coverage" name="test_handling_action_families[\u6298\u53e0\u6574\u9f50]" time="0.002" /><testcase classname="tests.test_sentence_coverage" name="test_handling_action_families[\u6e05\u7406\u6b8b\u7559\u7269]" time="0.002" /><testcase classname="tests.test_sentence_coverage" name="test_handling_action_families[\u6392\u7a7a\u6db2\u4f53]" time="0.002" /><testcase classname="tests.test_sentence_coverage" name="test_handling_action_families[\u6346\u624e\u6574\u9f50]" time="0.002" /><testcase classname="tests.test_sentence_coverage" name="test_handling_action_families[\u6253\u5305\u6295\u653e]" time="0.002" /><testcase classname="tests.test_sentence_coverage" name="test_handling_action_families[\u4ea4\u7ed9\u56de\u6536\u4eba\u5458]" time="0.002" /><testcase classname="tests.test_sentence_coverage" name="test_handling_action_families[\u4ea4\u7531\u56de\u6536\u5355\u4f4d\u5904\u7406]" time="0.002" /><testcase classname="tests.test_sentence_coverage" name="test_handling_action_families[\u9001\u5230\u56de\u6536\u70b9]" time="0.002" /><testcase classname="tests.test_sentence_coverage" name="test_handling_action_families[\u9001\u5f80\u56de\u6536\u7ad9]" time="0.002" /><testcase classname="tests.test_sentence_coverage" name="test_handling_action_families[\u9001\u81f3\u6307\u5b9a\u6536\u96c6\u70b9]" time="0.002" /><testcase classname="tests.test_sentence_coverage" name="test_multistep_and_method_objects_do_not_replace_subject" time="0.007" /><testcase classname="tests.test_sentence_coverage" name="test_group_subjects_and_destination_category" time="0.006" /><testcase classname="tests.test_sentence_coverage" name="test_independent_items_keep_their_own_method" time="0.002" /><testcase classname="tests.test_sentence_coverage" name="test_category_paraphrases[\u5f52\u7c7b\u4e3a]" time="0.002" /><testcase classname="tests.test_sentence_coverage" name="test_category_paraphrases[\u5f52\u7c7b\u5230]" time="0.002" /><testcase classname="tests.test_sentence_coverage" name="test_category_paraphrases[\u5212\u5206\u4e3a]" time="0.002" /><testcase classname="tests.test_sentence_coverage" name="test_category_paraphrases[\u5212\u5165]" time="0.002" /><testcase classname="tests.test_sentence_coverage" name="test_category_paraphrases[\u7b97\u4f5c]" time="0.002" /><testcase classname="tests.test_sentence_coverage" name="test_category_paraphrases[\u7b97\u662f]" time="0.002" /><testcase classname="tests.test_sentence_coverage" name="test_category_paraphrases[\u89c6\u4e3a]" time="0.002" /><testcase classname="tests.test_sentence_coverage" name="test_category_paraphrases[\u4f5c\u4e3a]" time="0.002" /><testcase classname="tests.test_sentence_coverage" name="test_category_paraphrases[\u7684\u5206\u7c7b\u662f]" time="0.002" /><testcase classname="tests.test_sentence_coverage" name="test_category_paraphrases[\uff1a]" time="0.002" /><testcase classname="tests.test_sentence_coverage" name="test_category_paraphrases[:]" time="0.002" /><testcase classname="tests.test_sentence_coverage" name="test_category_lists_and_reverse_order[\u9999\u8549\u76ae\u548c\u82f9\u679c\u6838\uff0c\u90fd\u5c5e\u4e8e\u6e7f\u5783\u573e\u3002]" time="0.002" /><testcase classname="tests.test_sentence_coverage" name="test_category_lists_and_reverse_order[\u9999\u8549\u76ae\u4ee5\u53ca\u82f9\u679c\u6838\u7b49\u7269\u54c1\u5c5e\u4e8e\u6e7f\u5783\u573e\u3002]" time="0.002" /><testcase classname="tests.test_sentence_coverage" name="test_category_lists_and_reverse_order[\u6e7f\u5783\u573e\u5305\u62ec\uff1a\u9999\u8549\u76ae\u548c\u82f9\u679c\u6838\u3002]" time="0.002" /><testcase classname="tests.test_sentence_coverage" name="test_category_lists_and_reverse_order[\u6e7f\u5783\u573e\u4e3b\u8981\u6709\u9999\u8549\u76ae\u548c\u82f9\u679c\u6838\u3002]" time="0.002" /><testcase classname="tests.test_sentence_coverage" name="test_category_lists_and_reverse_order[\u5c5e\u4e8e\u6e7f\u5783\u573e\u7684\u6709\u9999\u8549\u76ae\u548c\u82f9\u679c\u6838\u3002]" time="0.002" /><testcase classname="tests.test_sentence_coverage" name="test_ordered_categories_not_cartesian_product" time="0.007" /><testcase classname="tests.test_sentence_coverage" name="test_prohibitions_never_become_positive_disposal[\u4e0d\u5e94]" time="0.002" /><testcase classname="tests.test_sentence_coverage" name="test_prohibitions_never_become_positive_disposal[\u4e0d\u5b9c]" time="0.002" /><testcase classname="tests.test_sentence_coverage" name="test_prohibitions_never_become_positive_disposal[\u4e0d\u5efa\u8bae]" time="0.002" /><testcase classname="tests.test_sentence_coverage" name="test_prohibitions_never_become_positive_disposal[\u4e0d\u5f97]" time="0.002" /><testcase classname="tests.test_sentence_coverage" name="test_prohibitions_never_become_positive_disposal[\u4e0d\u80fd]" time="0.002" /><testcase classname="tests.test_sentence_coverage" name="test_prohibitions_never_become_positive_disposal[\u4e0d\u8981]" time="0.002" /><testcase classname="tests.test_sentence_coverage" name="test_prohibitions_never_become_positive_disposal[\u4e0d\u8be5]" time="0.002" /><testcase classname="tests.test_sentence_coverage" name="test_prohibitions_never_become_positive_disposal[\u5207\u52ff]" time="0.002" /><testcase classname="tests.test_sentence_coverage" name="test_prohibitions_never_become_positive_disposal[\u4e25\u7981]" time="0.002" /><testcase classname="tests.test_sentence_coverage" name="test_prohibitions_never_become_positive_disposal[\u7981\u6b62]" time="0.002" /><testcase classname="tests.test_sentence_coverage" name="test_prohibitions_never_become_positive_disposal[\u4e0d\u5fc5]" time="0.002" /><testcase classname="tests.test_sentence_coverage" name="test_prohibitions_never_become_positive_disposal[\u65e0\u9700]" time="0.002" /><testcase classname="tests.test_sentence_coverage" name="test_ambiguous_descriptive_and_uncertain_clauses_do_not_invent_methods[\u9999\u8549\u76ae\u5e94\u8be5\u4e22\u8fdb\u5783\u573e\u6876\u91cc\u5417\uff1f]" time="0.002" /><testcase classname="tests.test_sentence_coverage" name="test_ambiguous_descriptive_and_uncertain_clauses_do_not_invent_methods[\u8bf7\u95ee\u9999\u8549\u76ae\u5e94\u8be5\u4e22\u8fdb\u5783\u573e\u6876\u91cc]" time="0.002" /><testcase classname="tests.test_sentence_coverage" name="test_ambiguous_descriptive_and_uncertain_clauses_do_not_invent_methods[\u9999\u8549\u76ae\u80fd\u4e0d\u80fd\u4e22\u8fdb\u5783\u573e\u6876\u91cc]" time="0.002" /><testcase classname="tests.test_sentence_coverage" name="test_ambiguous_descriptive_and_uncertain_clauses_do_not_invent_methods[\u9999\u8549\u76ae\u4e5f\u8bb8\u5e94\u8be5\u4e22\u8fdb\u5783\u573e\u6876\u91cc\u3002]" time="0.002" /><testcase classname="tests.test_sentence_coverage" name="test_ambiguous_descriptive_and_uncertain_clauses_do_not_invent_methods[\u5982\u679c\u9999\u8549\u76ae\u5c5e\u4e8e\u6e7f\u5783\u573e\uff0c\u5c31\u5e94\u8be5\u4e22\u8fdb\u5783\u573e\u6876\u91cc\u3002]" time="0.002" /><testcase classname="tests.test_sentence_coverage" name="test_ambiguous_descriptive_and_uncertain_clauses_do_not_invent_methods[\u9999\u8549\u76ae\u5df2\u7ecf\u4e22\u8fdb\u5783\u573e\u6876\u91cc\u4e86\u3002]" time="0.002" /><testcase classname="tests.test_sentence_coverage" name="test_ambiguous_descriptive_and_uncertain_clauses_do_not_invent_methods[\u6628\u5929\u628a\u9999\u8549\u76ae\u4e22\u8fdb\u5783\u573e\u6876\u91cc\u3002]" time="0.002" /><testcase classname="tests.test_sentence_coverage" name="test_ambiguous_descriptive_and_uncertain_clauses_do_not_invent_methods[\u9999\u8549\u76ae\u88ab\u4eba\u4e22\u8fdb\u5783\u573e\u6876\u91cc\u3002]" time="0.002" /><testcase classname="tests.test_sentence_coverage" name="test_ambiguous_descriptive_and_uncertain_clauses_do_not_invent_methods[\u6211\u770b\u5230\u9999\u8549\u76ae\u88ab\u4e22\u8fdb\u5783\u573e\u6876\u91cc\u3002]" time="0.002" /><testcase classname="tests.test_sentence_coverage" name="test_ambiguous_descriptive_and_uncertain_clauses_do_not_invent_methods[\u9999\u8549\u76ae\u8868\u9762\u6cbe\u6709\u9178\u5976\u3002]" time="0.002" /><testcase classname="tests.test_sentence_coverage" name="test_ambiguous_descriptive_and_uncertain_clauses_do_not_invent_methods[\u9999\u8549\u76ae\u653e\u5165\u4e66\u5305\u91cc\u3002]" time="0.002" /><testcase classname="tests.test_sentence_coverage" name="test_ambiguous_descriptive_and_uncertain_clauses_do_not_invent_methods[\u9999\u8549\u76ae\u548c\u5851\u6599\u888b\u6df7\u5728\u4e00\u8d77\uff0c\u5e94\u8be5\u4e22\u8fdb\u5783\u573e\u6876\u91cc\u3002]" time="0.002" /><testcase classname="tests.test_sentence_coverage" name="test_ambiguous_descriptive_and_uncertain_clauses_do_not_invent_methods[\u9999\u8549\u76ae\u548c\u5851\u6599\u888b\u5c5e\u4e8e\u6e7f\u5783\u573e\uff0c\u5b83\u5e94\u8be5\u4e22\u8fdb\u5783\u573e\u6876\u91cc\u3002]" time="0.002" /><testcase classname="tests.test_sentence_coverage" name="test_ambiguous_descriptive_and_uncertain_clauses_do_not_invent_methods[\u9999\u8549\u76ae\u5c5e\u4e8e\u6e7f\u5783\u573e\uff0c\u5929\u6c14\u5f88\u597d\uff0c\u5e94\u8be5\u4e22\u8fdb\u5783\u573e\u6876\u91cc\u3002]" time="0.002" /><testcase classname="tests.test_sentence_coverage" name="test_ambiguous_descriptive_and_uncertain_clauses_do_not_invent_methods[\u9999\u8549\u76ae\u5c5e\u4e8e\u6e7f\u5783\u573e\uff1b\u5e94\u8be5\u4e22\u8fdb\u5783\u573e\u6876\u91cc\u3002]" time="0.002" /><testcase classname="tests.test_sentence_coverage" name="test_corrections_keep_positive_scope_and_methods" time="0.004" /><testcase classname="tests.test_sentence_coverage" name="test_unknown_subject_is_not_replaced_by_known_container" time="0.004" /><testcase classname="tests.test_sentence_coverage" name="test_category_then_disposal_without_comma[]" time="0.002" /><testcase classname="tests.test_sentence_coverage" name="test_category_then_disposal_without_comma[\u5e76]" time="0.002" /><testcase classname="tests.test_sentence_coverage" name="test_category_then_disposal_without_comma[\u5e76\u4e14]" time="0.002" /><testcase classname="tests.test_sentence_coverage" name="test_category_then_disposal_without_comma[\u540c\u65f6]" time="0.002" /><testcase classname="tests.test_sentence_coverage" name="test_conjunction_introducing_new_subject_ends_previous_method[\u5e76\u4e14]" time="0.002" /><testcase classname="tests.test_sentence_coverage" name="test_conjunction_introducing_new_subject_ends_previous_method[\u800c\u4e14]" time="0.002" /><testcase classname="tests.test_sentence_coverage" name="test_conjunction_introducing_new_subject_ends_previous_method[\u540c\u65f6]" time="0.002" /><testcase classname="tests.test_sentence_coverage" name="test_conjunction_introducing_new_subject_ends_previous_method[\u800c]" time="0.002" /><testcase classname="tests.test_sentence_coverage" name="test_conjunction_introducing_new_subject_ends_previous_method[\u4f46]" time="0.002" /><testcase classname="tests.test_sentence_coverage" name="test_protection_and_packaging_requirements[\u8f7b\u62ff\u8f7b\u653e]" time="0.002" /><testcase classname="tests.test_sentence_coverage" name="test_protection_and_packaging_requirements[\u4fdd\u6301\u5b8c\u6574]" time="0.002" /><testcase classname="tests.test_sentence_coverage" name="test_protection_and_packaging_requirements[\u4fdd\u6301\u5e72\u71e5]" time="0.002" /><testcase classname="tests.test_sentence_coverage" name="test_protection_and_packaging_requirements[\u538b\u5e73\u540e\u6295\u653e]" time="0.002" /><testcase classname="tests.test_sentence_coverage" name="test_protection_and_packaging_requirements[\u6d17\u5e72\u51c0\u540e\u6295\u653e]" time="0.002" /><testcase classname="tests.test_sentence_coverage" name="test_protection_and_packaging_requirements[\u51b2\u51c0\u540e\u6295\u653e]" time="0.002" /><testcase classname="tests.test_sentence_coverage" name="test_protection_and_packaging_requirements[\u5305\u4e25\u540e\u6295\u653e]" time="0.009" /><testcase classname="tests.test_sentence_coverage" name="test_protection_and_packaging_requirements[\u62e7\u7d27\u74f6\u76d6]" time="0.002" /><testcase classname="tests.test_sentence_coverage" name="test_protection_and_packaging_requirements[\u76d6\u597d\u74f6\u76d6]" time="0.002" /><testcase classname="tests.test_sentence_coverage" name="test_protection_and_packaging_requirements[\u7528\u62a5\u7eb8\u5305\u88f9\u597d\u518d\u6295\u653e]" time="0.002" /><testcase classname="tests.test_sentence_coverage" name="test_protection_and_packaging_requirements[\u4f7f\u7528\u7eb8\u5dfe\u5305\u4f4f\u540e\u6295\u653e]" time="0.002" /><testcase classname="tests.test_sentence_coverage" name="test_protection_and_packaging_requirements[\u8fde\u540c\u5305\u88c5\u4e00\u8d77\u6295\u653e]" time="0.002" /><testcase classname="tests.test_sentence_coverage" name="test_tool_mentions_do_not_receive_or_steal_handling_relations" time="0.004" /><testcase classname="tests.test_sentence_coverage" name="test_post_disposal_description_is_not_a_new_instruction" time="0.002" /><testcase classname="tests.test_sentence_coverage" name="test_contrast_corrections[\u4f46\u5b83\u5c5e\u4e8e]" time="0.002" /><testcase classname="tests.test_sentence_coverage" name="test_contrast_corrections[\u4f46\u662f\u5c5e\u4e8e]" time="0.003" /><testcase classname="tests.test_sentence_coverage" name="test_contrast_corrections[\u800c\u5c5e\u4e8e]" time="0.002" /><testcase classname="tests.test_sentence_coverage" name="test_contrast_corrections[\u800c\u5e94\u8be5\u5c5e\u4e8e]" time="0.002" /><testcase classname="tests.test_sentence_coverage" name="test_slash_category_alternative_is_not_a_confident_classification" time="0.002" /><testcase classname="tests.test_extraction_sentences" name="test_simple_affirmative_forms[\u9999\u8549\u76ae\u662f\u6e7f\u5783\u573e]" time="0.002" /><testcase classname="tests.test_extraction_sentences" name="test_simple_affirmative_forms[\u9999\u8549\u76ae\u662f\u6e7f\u5783\u573e\u3002]" time="0.002" /><testcase classname="tests.test_extraction_sentences" name="test_simple_affirmative_forms[\u9999\u8549\u76ae\u662f\u4e00\u79cd\u6e7f\u5783\u573e\u3002]" time="0.002" /><testcase classname="tests.test_extraction_sentences" name="test_simple_affirmative_forms[\u9999\u8549\u76ae\u4ecd\u7136\u5c5e\u4e8e\u6e7f\u5783\u573e\u3002]" time="0.002" /><testcase classname="tests.test_extraction_sentences" name="test_simple_affirmative_forms[\u9999\u8549\u76ae\u4e3b\u8981\u662f\u6e7f\u5783\u573e\u3002]" time="0.003" /><testcase classname="tests.test_extraction_sentences" name="test_simple_affirmative_forms[\u9999\u8549\u76ae\u5e94\u5f52\u5165\u6e7f\u5783\u573e\u3002]" time="0.003" /><testcase classname="tests.test_extraction_sentences" name="test_simple_affirmative_forms[\u9999\u8549\u76ae\u7684\u7c7b\u522b\u662f\u6e7f\u5783\u573e\u3002]" time="0.002" /><testcase classname="tests.test_extraction_sentences" name="test_simple_affirmative_forms[\u9999\u8549\u76ae\u7684\u5783\u573e\u7c7b\u578b\u4e3a\u6e7f\u5783\u573e\u3002]" time="0.002" /><testcase classname="tests.test_extraction_sentences" name="test_simple_affirmative_forms[\u8bf7\u5c06\u9999\u8549\u76ae\u6309\u6e7f\u5783\u573e\u8fdb\u884c\u5206\u7c7b\u3002]" time="0.002" /><testcase classname="tests.test_extraction_sentences" name="test_simple_affirmative_forms[\u9999\u8549\u76ae\u5c5e\u4e8e\u6e7f\u5783\u573e\uff01]" time="0.002" /><testcase classname="tests.test_extraction_sentences" name="test_screenshot_complex_subject_not_background_items[\u867d\u7136\u8fd9\u4e2a\u9999\u8549\u76ae\u66fe\u7ecf\u548c\u5851\u6599\u888b\u3001\u536b\u751f\u7eb8\u4ee5\u53ca\u4e00\u6b21\u6027\u9910\u76d2\u6df7\u653e\u5728\u4e00\u8d77\uff0c\u800c\u4e14\u8868\u9762\u8fd8\u6cbe\u6709\u5c11\u91cf\u9178\u5976\u548c\u7c73\u996d\uff0c\u4f46\u5728\u628a\u5176\u4ed6\u7269\u54c1\u5206\u79bb\u540e\uff0c\u5269\u4e0b\u7684\u9999\u8549\u76ae\u4ecd\u7136\u5c5e\u4e8e\u53a8\u4f59\u5783\u573e\u3002]" time="0.004" /><testcase classname="tests.test_extraction_sentences" name="test_screenshot_complex_subject_not_background_items[\u4e00\u4e2a\u8868\u9762\u5df2\u7ecf\u53d1\u9ed1\u3001\u8fd8\u6b8b\u7559\u5c11\u91cf\u679c\u8089\u548c\u9178\u5976\uff0c\u5e76\u4e14\u521a\u521a\u4ece\u5851\u6599\u4fdd\u9c9c\u888b\u91cc\u53d6\u51fa\u6765\u7684\u9999\u8549\u76ae\u5c5e\u4e8e\u53a8\u4f59\u5783\u573e\u3002]" time="0.005" /><testcase classname="tests.test_extraction_sentences" name="test_no_positive_assertions_for_negated_uncertain_questions_or_bins[\u9999\u8549\u76ae\u4e0d\u662f\u6e7f\u5783\u573e\u3002]" time="0.002" /><testcase classname="tests.test_extraction_sentences" name="test_no_positive_assertions_for_negated_uncertain_questions_or_bins[\u9999\u8549\u76ae\u4e0d\u5c5e\u4e8e\u6e7f\u5783\u573e\u3002]" time="0.002" /><testcase classname="tests.test_extraction_sentences" name="test_no_positive_assertions_for_negated_uncertain_questions_or_bins[\u9999\u8549\u76ae\u662f\u5426\u662f\u6e7f\u5783\u573e]" time="0.002" /><testcase classname="tests.test_extraction_sentences" name="test_no_positive_assertions_for_negated_uncertain_questions_or_bins[\u9999\u8549\u76ae\u662f\u6e7f\u5783\u573e\u5417]" time="0.002" /><testcase classname="tests.test_extraction_sentences" name="test_no_positive_assertions_for_negated_uncertain_questions_or_bins[\u9999\u8549\u76ae\u662f\u4e0d\u662f\u6e7f\u5783\u573e\uff1f]" time="0.002" /><testcase classname="tests.test_extraction_sentences" name="test_no_positive_assertions_for_negated_uncertain_questions_or_bins[\u5047\u5982\u9999\u8549\u76ae\u662f\u6e7f\u5783\u573e\u3002]" time="0.002" /><testcase classname="tests.test_extraction_sentences" name="test_no_positive_assertions_for_negated_uncertain_questions_or_bins[\u5982\u679c\u9999\u8549\u76ae\u662f\u6e7f\u5783\u573e\uff0c\u5c31\u5206\u7c7b\u6295\u653e\u3002]" time="0.002" /><testcase classname="tests.test_extraction_sentences" name="test_no_positive_assertions_for_negated_uncertain_questions_or_bins[\u9999\u8549\u76ae\u53ef\u80fd\u662f\u6e7f\u5783\u573e\u3002]" time="0.002" /><testcase classname="tests.test_extraction_sentences" name="test_no_positive_assertions_for_negated_uncertain_questions_or_bins[\u6709\u4eba\u8bf4\u9999\u8549\u76ae\u662f\u6e7f\u5783\u573e\u3002]" time="0.002" /><testcase classname="tests.test_extraction_sentences" name="test_no_positive_assertions_for_negated_uncertain_questions_or_bins[\u9999\u8549\u76ae\u662f\u6e7f\u5783\u573e\u7684\u8bf4\u6cd5\u662f\u9519\u8bef\u7684\u3002]" time="0.002" /><testcase classname="tests.test_extraction_sentences" name="test_no_positive_assertions_for_negated_uncertain_questions_or_bins[\u9999\u8549\u76ae\u4e0d\u80fd\u6295\u5165\u6e7f\u5783\u573e\u5bb9\u5668\u3002]" time="0.002" /><testcase classname="tests.test_extraction_sentences" name="test_no_positive_assertions_for_negated_uncertain_questions_or_bins[\u4e0d\u8981\u628a\u9999\u8549\u76ae\u6df7\u5165\u6e7f\u5783\u573e\u3002]" time="0.002" /><testcase classname="tests.test_extraction_sentences" name="test_no_positive_assertions_for_negated_uncertain_questions_or_bins[\u9999\u8549\u76ae\u4e0d\u4e00\u5b9a\u662f\u6e7f\u5783\u573e\u3002]" time="0.002" /><testcase classname="tests.test_extraction_sentences" name="test_no_positive_assertions_for_negated_uncertain_questions_or_bins[\u9999\u8549\u76ae\u65e0\u9700\u6ca5\u5e72\u6c34\u5206\u3002]" time="0.002" /><testcase classname="tests.test_extraction_sentences" name="test_no_positive_assertions_for_negated_uncertain_questions_or_bins[\u9999\u8549\u76ae\u662f\u6e7f\u5783\u573e\u6876\u3002]" time="0.002" /><testcase classname="tests.test_extraction_sentences" name="test_no_positive_assertions_for_negated_uncertain_questions_or_bins[\u9999\u8549\u76ae\u548c\u6e7f\u5783\u573e\u7684\u5173\u7cfb\u672a\u8bf4\u660e\u3002]" time="0.002" /><testcase classname="tests.test_extraction_sentences" name="test_no_positive_assertions_for_negated_uncertain_questions_or_bins[\u9999\u8549\u76ae\u662f\u6e7f\u5783\u573e\u8fd8\u662f\u5e72\u5783\u573e]" time="0.002" /><testcase classname="tests.test_extraction_sentences" name="test_no_positive_assertions_for_negated_uncertain_questions_or_bins[\u9999\u8549\u76ae\u662f\u6e7f\u5783\u573e\uff0c\u4f46\u9700\u8981\u6838\u5b9e\u3002]" time="0.002" /><testcase classname="tests.test_extraction_sentences" name="test_no_positive_assertions_for_negated_uncertain_questions_or_bins[\u82e5\u9999\u8549\u76ae\u662f\u6e7f\u5783\u573e\uff0c\u5c31\u5206\u7c7b\u6295\u653e\u3002]" time="0.002" /><testcase classname="tests.test_extraction_sentences" name="test_two_subjects_are_bound_to_their_own_clause" time="0.002" /><testcase classname="tests.test_extraction_sentences" name="test_explicit_coordination[\u9999\u8549\u76ae\u548c\u82f9\u679c\u6838\u662f\u6e7f\u5783\u573e\u3002]" time="0.003" /><testcase classname="tests.test_extraction_sentences" name="test_explicit_coordination[\u6e7f\u5783\u573e\u5305\u62ec\u9999\u8549\u76ae\u548c\u82f9\u679c\u6838\u3002]" time="0.002" /><testcase classname="tests.test_extraction_sentences" name="test_negation_scope_does_not_hide_independent_positive_or_correction" time="0.005" /><testcase classname="tests.test_extraction_sentences" name="test_action_method_requires_actual_disposal_instruction" time="0.005" /><testcase classname="tests.test_extraction_sentences" name="test_alias_and_repeated_mentions_are_preserved_and_deduplicated" time="0.004" /><testcase classname="tests.test_extraction_sentences" name="test_extraction_does_not_silently_replace_text_with_catalog_fact" time="0.004" /><testcase classname="tests.test_extraction_sentences" name="test_assisted_output_filters_false_method_and_has_no_fabricated_model_score" time="0.002" /><testcase classname="tests.test_extraction_sentences" name="test_actual_model_agreement_retains_original_score" time="0.002" /><testcase classname="tests.test_extraction_sentences" name="test_invalid_input[]" time="0.000" /><testcase classname="tests.test_extraction_sentences" name="test_invalid_input[xxxxxxxxxxxxxxxxxxxxxxxxxxxxxxxxxxxxxxxxxxxxxxxxxxxxxxxxxxxxxxxxxxxxxxxxxxxxxxxxxxxxxxxxxxxxxxxxxxxxxxxxxxxxxxxxxxxxxxxxxxxxxxxxx]" time="0.000" /><testcase classname="tests.test_extraction_sentences" name="test_invalid_input[None]" time="0.000" /><testcase classname="tests.test_core" name="test_group_split_has_no_item_or_sentence_leakage" time="0.037" /><testcase classname="tests.test_core" name="test_bio_round_trip_and_invalid_span" time="0.000" /><testcase classname="tests.test_core" name="test_graph_is_deterministic_and_referentially_complete" time="0.003" /><testcase classname="tests.test_core" name="test_alias_and_category_query[\u5feb\u9012\u7eb8\u7bb1-\u7eb8\u7bb1-\u53ef\u56de\u6536\u7269]" time="0.047" /><testcase classname="tests.test_core" name="test_alias_and_category_query[\u9999\u8549\u76ae-\u9999\u8549\u76ae-\u6e7f\u5783\u573e]" time="0.046" /><testcase classname="tests.test_core" name="test_alias_and_category_query[\u6c34\u94f6\u6e29\u5ea6\u8ba1-\u542b\u6c5e\u6e29\u5ea6\u8ba1-\u6709\u5bb3\u5783\u573e]" time="0.045" /><testcase classname="tests.test_core" name="test_alias_and_category_query[\u4e00\u6b21\u6027\u53e3\u7f69-\u4e00\u6b21\u6027\u53e3\u7f69-\u5e72\u5783\u573e]" time="0.045" /><testcase classname="tests.test_core" name="test_unknown_is_not_guessed_and_bad_category_rejected" time="0.045" /><testcase classname="tests.test_core" name="test_review_requires_explicit_approval_and_rejects_conflict" time="0.000" /><testcase classname="tests.test_core" name="test_clean_text_is_idempotent" time="0.000" /><testcase classname="tests.test_core" name="test_reviewed_method_keeps_its_own_evidence" time="0.001" /><testcase classname="tests.test_server" name="test_http_stats_and_static_route" time="0.709" /><testcase classname="tests.test_server" name="test_invalid_extraction_returns_400[payload0]" time="0.553" /><testcase classname="tests.test_server" name="test_invalid_extraction_returns_400[payload1]" time="0.553" /><testcase classname="tests.test_server" name="test_invalid_extraction_returns_400[payload2]" time="0.553" /><testcase classname="tests.test_server" name="test_invalid_extraction_returns_400[payload3]" time="0.551" /><testcase classname="tests.test_server" name="test_cross_origin_request_is_denied" time="0.549" /><testcase classname="tests.test_server" name="test_invalid_pagination_returns_400[limit=0]" time="0.564" /><testcase classname="tests.test_server" name="test_invalid_pagination_returns_400[limit=-1]" time="0.555" /><testcase classname="tests.test_server" name="test_invalid_pagination_returns_400[offset=-2]" time="0.558" /><testcase classname="tests.test_server" name="test_invalid_pagination_returns_400[offset=x]" time="0.552" /><testcase classname="tests.test_server" name="test_invalid_pagination_returns_400[scope=unreviewed]" time="0.551" /><testcase classname="tests.test_server" name="test_external_catalog_qa_and_audit_routes" time="0.564" /><testcase classname="tests.test_server" name="test_graph_limit_and_empty_qa_rejected" time="0.554" /><testcase classname="tests.test_server" name="test_evaluation_is_bound_to_current_weights" time="0.067" /><testcase classname="tests.test_dataset" name="test_merged_source_is_complete_and_has_methods" time="0.011" /><testcase classname="tests.test_dataset" name="test_normalization_deduplication_conflict_and_rejection" time="0.000" /><testcase classname="tests.test_dataset" name="test_external_graph_does_not_invent_method_relationships" time="0.000" /><testcase classname="tests.test_dataset" name="test_ingestion_is_reproducible_and_preserves_source_files" time="1.145" /><testcase classname="tests.test_dataset" name="test_mismatched_formats_fail_without_outputs" time="0.008" /><testcase classname="tests.test_dataset" name="test_training_spans_when_item_contains_category_word" time="0.012" /><testcase classname="tests.test_dataset" name="test_large_catalog_pagination_reaches_every_item_once" time="0.085" /><testcase classname="tests.test_dataset" name="test_graph_respects_requested_item_limit[1]" time="0.051" /><testcase classname="tests.test_dataset" name="test_graph_respects_requested_item_limit[3]" time="0.051" /><testcase classname="tests.test_dataset" name="test_graph_respects_requested_item_limit[7]" time="0.052" /><testcase classname="tests.test_dataset" name="test_graph_respects_requested_item_limit[24]" time="0.049" /><testcase classname="tests.test_dataset" name="test_graph_respects_requested_item_limit[80]" time="0.048" /><testcase classname="tests.test_dataset" name="test_graph_respects_requested_item_limit[100]" time="0.051" /><testcase classname="tests.test_dataset" name="test_scope_and_evidence_qa_do_not_claim_external_labels_are_reviewed" time="0.058" /><testcase classname="tests.test_dataset" name="test_bad_qa_input_rejected[]" time="0.044" /><testcase classname="tests.test_dataset" name="test_bad_qa_input_rejected[aaaaaaaaaaaaaaaaaaaaaaaaaaaaaaaaaaaaaaaaaaaaaaaaaaaaaaaaaaaaaaaaaaaaaaaaaaaaaaaaaaaaaaaaaaaaaaaaaaaaaaaaaaaaaaaaaaaaaaaaaaaaaaaaa]" time="0.047" /><testcase classname="tests.test_dataset" name="test_bad_qa_input_rejected[None]" time="0.050" /><testcase classname="tests.test_dataset" name="test_bad_qa_input_rejected[question3]" time="0.045" /><testcase classname="tests.test_dataset" name="test_main_catalog_merge_is_idempotent_and_preserves_backup" time="0.013" /><testcase classname="tests.test_dataset" name="test_graph_page_matches_catalog_page_and_teaching_filter" time="0.051" /></testsuite></testsuites>